<?xml version="1.0" encoding="UTF-8"?>
<!-- Generated by org.testng.reporters.JUnitXMLReporter -->
<testsuite ignored="0" hostname="STREAMSOFT-0239" failures="0" tests="7" name="Surefire test" time="8.281" errors="0" timestamp="2021-02-12T11:28:56 CET">
  <testcase classname="test.AppTest" name="shouldntFoundCurrency on shouldntFoundCurrency(test.AppTest)" time="1.638"/>
  <testcase classname="test.AppTest" name="shouldAnswerWithTrue on shouldAnswerWithTrue(test.AppTest)" time="1.636"/>
  <testcase classname="test.AppTest" name="shouldntReturnExchangedCurrency on shouldntReturnExchangedCurrency(test.AppTest)" time="2.14"/>
  <testcase classname="test.AppTest" name="shouldBeInvalidCurrency on shouldBeInvalidCurrency(test.AppTest)" time="2.359"/>
  <testcase classname="test.AppTest" name="shouldntAcceptDate on shouldntAcceptDate(test.AppTest)" time="2.568"/>
  <testcase classname="test.AppTest" name="shouldMapExchangedCurrencyToCurrencyExchange on shouldMapExchangedCurrencyToCurrencyExchange(test.AppTest)" time="2.611"/>
  <testcase classname="test.TestPrivateMethods" name="testReplaceData on testReplaceData(test.TestPrivateMethods)" time="5.342"/>
</testsuite> <!-- Surefire test -->
