<?xml version="1.0" encoding="UTF-8"?>
<!-- Generated by org.testng.reporters.JUnitXMLReporter -->
<testsuite ignored="0" hostname="STREAMSOFT-0239" failures="0" tests="12" name="Surefire test" time="7.821" errors="0" timestamp="2021-02-14T21:41:47 CET">
  <testcase classname="test.ExchangeManagerTests" name="shouldntFoundCurrency on shouldntFoundCurrency(test.ExchangeManagerTests)" time="0.154"/>
  <testcase classname="test.ExchangeManagerTests" name="shouldReturnCurrencyFromMockedRepositoryReturningObject on shouldReturnCurrencyFromMockedRepositoryReturningObject(test.ExchangeManagerTests)" time="0.171"/>
  <testcase classname="test.ExchangeManagerTests" name="shouldAnswerWithTrue on shouldAnswerWithTrue(test.ExchangeManagerTests)" time="0.172"/>
  <testcase classname="test.ExchangeManagerTests" name="shouldntReturnExchangedCurrencyFromMockedConverterReturningNull on shouldntReturnExchangedCurrencyFromMockedConverterReturningNull(test.ExchangeManagerTests)" time="2.265"/>
  <testcase classname="test.ExchangeManagerTests" name="shouldBeInvalidCurrency on shouldBeInvalidCurrency(test.ExchangeManagerTests)" time="2.266"/>
  <testcase classname="test.ExchangeManagerTests" name="shouldntAcceptDate on shouldntAcceptDate(test.ExchangeManagerTests)" time="2.269"/>
  <testcase classname="test.ExchangeWebServiceNBPTests" name="shouldThrowExceptionMessage400 on shouldThrowExceptionMessage400(test.ExchangeWebServiceNBPTests)" time="0.051"/>
  <testcase classname="test.ExchangeWebServiceNBPTests" name="shouldThrowExceptionMessage404 on shouldThrowExceptionMessage404(test.ExchangeWebServiceNBPTests)" time="0.053"/>
  <testcase classname="test.ExchangeWebServiceNBPTests" name="shouldThrowExceptionMessageCheckUrl on shouldThrowExceptionMessageCheckUrl(test.ExchangeWebServiceNBPTests)" time="0.054"/>
  <testcase classname="test.ExchangeWebServiceNBPTests" name="shouldThrowExceptionMessageInvalidUrl on shouldThrowExceptionMessageInvalidUrl(test.ExchangeWebServiceNBPTests)" time="0.056"/>
  <testcase classname="test.ExchangeWebServiceNBPTests" name="shouldThrowExceptionMessageTimeoutException on shouldThrowExceptionMessageTimeoutException(test.ExchangeWebServiceNBPTests)" time="5.068"/>
  <testcase classname="test.JsonConverterTests" name="shouldntConvertToObject on shouldntConvertToObject(test.JsonConverterTests)" time="0.19"/>
</testsuite> <!-- Surefire test -->
