-------------------------------------------------------------------------------
Test set: integration.service.CurrencyDatabaseServiceIntegrationTests
-------------------------------------------------------------------------------
Tests run: 2, Failures: 0, Errors: 2, Skipped: 0, Time elapsed: 33.36 s <<< FAILURE! - in integration.service.CurrencyDatabaseServiceIntegrationTests
integration.service.CurrencyDatabaseServiceIntegrationTests  Time elapsed: 33.356 s  <<< ERROR!
org.hibernate.service.spi.ServiceException: Unable to create requested service [org.hibernate.engine.jdbc.env.spi.JdbcEnvironment]
	at integration.service.CurrencyDatabaseServiceIntegrationTests.init(CurrencyDatabaseServiceIntegrationTests.java:29)
Caused by: org.hibernate.HibernateException: Access to DialectResolutionInfo cannot be null when 'hibernate.dialect' not set
	at integration.service.CurrencyDatabaseServiceIntegrationTests.init(CurrencyDatabaseServiceIntegrationTests.java:29)

integration.service.CurrencyDatabaseServiceIntegrationTests  Time elapsed: 33.358 s  <<< ERROR!
java.lang.NullPointerException: Cannot invoke "javax.persistence.EntityManager.clear()" because "integration.service.CurrencyDatabaseServiceIntegrationTests.em" is null
	at integration.service.CurrencyDatabaseServiceIntegrationTests.tearDown(CurrencyDatabaseServiceIntegrationTests.java:58)

