<?xml version="1.0" encoding="UTF-8"?>
<testsuite xmlns:xsi="http://www.w3.org/2001/XMLSchema-instance" xsi:noNamespaceSchemaLocation="https://maven.apache.org/surefire/maven-surefire-plugin/xsd/surefire-test-report.xsd" name="test.ExchangeManagerTests" time="0.234" tests="6" errors="0" skipped="0" failures="0">
  <properties>
[...]
</properties>
  <testcase name="shouldnt_found_currency" classname="test.ExchangeManagerTests" time="0.016"/>
  <testcase name="shouldAnswerWithTrue" classname="test.ExchangeManagerTests" time="0.002"/>
  <testcase name="should_be_invalid_currency" classname="test.ExchangeManagerTests" time="0.002"/>
  <testcase name="shouldnt_accept_date" classname="test.ExchangeManagerTests" time="0.014"/>
  <testcase name="shouldnt_return_exchanged_currency" classname="test.ExchangeManagerTests" time="0.196"/>
  <testcase name="should_return_currency" classname="test.ExchangeManagerTests" time="0.004"/>
</testsuite>