<?xml version="1.0" encoding="UTF-8"?>
<testng-results ignored="0" total="7" passed="7" failed="0" skipped="0">
  <reporter-output>
  </reporter-output>
  <suite started-at="2021-02-12T11:28:48 CET" name="Surefire suite" finished-at="2021-02-12T11:28:56 CET" duration-ms="8281">
    <groups>
    </groups>
    <test started-at="2021-02-12T11:28:48 CET" name="Surefire test" finished-at="2021-02-12T11:28:56 CET" duration-ms="8281">
      <class name="test.AppTest">
        <test-method signature="shouldntFoundCurrency()" started-at="2021-02-12T11:28:48 CET" name="shouldntFoundCurrency" finished-at="2021-02-12T11:28:50 CET" duration-ms="1638" status="PASS">
          <reporter-output>
          </reporter-output>
        </test-method> <!-- shouldntFoundCurrency -->
        <test-method signature="shouldntAcceptDate()" started-at="2021-02-12T11:28:48 CET" name="shouldntAcceptDate" finished-at="2021-02-12T11:28:51 CET" duration-ms="2568" status="PASS">
          <reporter-output>
          </reporter-output>
        </test-method> <!-- shouldntAcceptDate -->
        <test-method signature="shouldntReturnExchangedCurrency()" started-at="2021-02-12T11:28:48 CET" name="shouldntReturnExchangedCurrency" finished-at="2021-02-12T11:28:50 CET" duration-ms="2140" status="PASS">
          <reporter-output>
          </reporter-output>
        </test-method> <!-- shouldntReturnExchangedCurrency -->
        <test-method signature="shouldMapExchangedCurrencyToCurrencyExchange()" started-at="2021-02-12T11:28:48 CET" name="shouldMapExchangedCurrencyToCurrencyExchange" finished-at="2021-02-12T11:28:51 CET" duration-ms="2611" status="PASS">
          <reporter-output>
          </reporter-output>
        </test-method> <!-- shouldMapExchangedCurrencyToCurrencyExchange -->
        <test-method signature="shouldAnswerWithTrue()" started-at="2021-02-12T11:28:48 CET" name="shouldAnswerWithTrue" finished-at="2021-02-12T11:28:50 CET" duration-ms="1636" status="PASS">
          <reporter-output>
          </reporter-output>
        </test-method> <!-- shouldAnswerWithTrue -->
        <test-method signature="shouldBeInvalidCurrency()" started-at="2021-02-12T11:28:48 CET" name="shouldBeInvalidCurrency" finished-at="2021-02-12T11:28:51 CET" duration-ms="2359" status="PASS">
          <reporter-output>
          </reporter-output>
        </test-method> <!-- shouldBeInvalidCurrency -->
      </class> <!-- test.AppTest -->
      <class name="test.TestPrivateMethods">
        <test-method signature="testReplaceData() throws java.lang.Exception" started-at="2021-02-12T11:28:51 CET" name="testReplaceData" finished-at="2021-02-12T11:28:56 CET" duration-ms="5342" status="PASS">
          <reporter-output>
          </reporter-output>
        </test-method> <!-- testReplaceData -->
      </class> <!-- test.TestPrivateMethods -->
    </test> <!-- Surefire test -->
  </suite> <!-- Surefire suite -->
</testng-results>
