<?xml version="1.0" encoding="UTF-8"?>
<testsuite xmlns:xsi="http://www.w3.org/2001/XMLSchema-instance" xsi:noNamespaceSchemaLocation="https://maven.apache.org/surefire/maven-surefire-plugin/xsd/surefire-test-report.xsd" name="test.ExchangeWebServiceNBPTests" time="5.361" tests="5" errors="0" skipped="0" failures="0">
  <properties>
[...]
</properties>
  <testcase name="shouldThrowExceptionMessage404" classname="test.ExchangeWebServiceNBPTests" time="0.045"/>
  <testcase name="shouldThrowExceptionMessage400" classname="test.ExchangeWebServiceNBPTests" time="0.001"/>
  <testcase name="shouldThrowExceptionMessageInvalidUrl" classname="test.ExchangeWebServiceNBPTests" time="0.001"/>
  <testcase name="shouldThrowExceptionMessageCheckUrl" classname="test.ExchangeWebServiceNBPTests" time="0.001"/>
  <testcase name="shouldThrowExceptionMessageTimeoutException" classname="test.ExchangeWebServiceNBPTests" time="5.021"/>
</testsuite>